{"C:\\Users\\gmide\\repositories\\online-book-store\\online-book-store-fe\\src\\App.js": {"path":"C:\\Users\\gmide\\repositories\\online-book-store\\online-book-store-fe\\src\\App.js","statementMap":{"0":{"start":{"line":10,"column":1},"end":{"line":19,"column":3}}},"fnMap":{"0":{"name":"App","decl":{"start":{"line":9,"column":9},"end":{"line":9,"column":12}},"loc":{"start":{"line":9,"column":15},"end":{"line":20,"column":3}},"line":9}},"branchMap":{},"s":{"0":5},"f":{"0":5},"b":{},"_coverageSchema":"1a1c01bbd47fc00a2c39e90264f33305004495a9","hash":"7b14706d7c2552fad4e52a2960b1fe2f341513fa"}
,"C:\\Users\\gmide\\repositories\\online-book-store\\online-book-store-fe\\src\\styleMock.js": {"path":"C:\\Users\\gmide\\repositories\\online-book-store\\online-book-store-fe\\src\\styleMock.js","statementMap":{"0":{"start":{"line":1,"column":0},"end":{"line":1,"column":20}}},"fnMap":{},"branchMap":{},"s":{"0":1},"f":{},"b":{},"_coverageSchema":"1a1c01bbd47fc00a2c39e90264f33305004495a9","hash":"3be104b5a21458a58c0285f4774272d39a638468"}
,"C:\\Users\\gmide\\repositories\\online-book-store\\online-book-store-fe\\src\\api\\axios.js": {"path":"C:\\Users\\gmide\\repositories\\online-book-store\\online-book-store-fe\\src\\api\\axios.js","statementMap":{"0":{"start":{"line":3,"column":17},"end":{"line":3,"column":44}},"1":{"start":{"line":5,"column":17},"end":{"line":11,"column":2}}},"fnMap":{},"branchMap":{},"s":{"0":0,"1":0},"f":{},"b":{}}
,"C:\\Users\\gmide\\repositories\\online-book-store\\online-book-store-fe\\src\\components\\HomePage.jsx": {"path":"C:\\Users\\gmide\\repositories\\online-book-store\\online-book-store-fe\\src\\components\\HomePage.jsx","statementMap":{"0":{"start":{"line":9,"column":17},"end":{"line":109,"column":1}},"1":{"start":{"line":10,"column":38},"end":{"line":10,"column":50}},"2":{"start":{"line":11,"column":42},"end":{"line":11,"column":57}},"3":{"start":{"line":12,"column":40},"end":{"line":12,"column":54}},"4":{"start":{"line":13,"column":28},"end":{"line":25,"column":5}},"5":{"start":{"line":14,"column":29},"end":{"line":14,"column":80}},"6":{"start":{"line":14,"column":54},"end":{"line":14,"column":79}},"7":{"start":{"line":15,"column":8},"end":{"line":24,"column":9}},"8":{"start":{"line":16,"column":37},"end":{"line":20,"column":13}},"9":{"start":{"line":17,"column":16},"end":{"line":19,"column":26}},"10":{"start":{"line":21,"column":12},"end":{"line":21,"column":43}},"11":{"start":{"line":23,"column":12},"end":{"line":23,"column":67}},"12":{"start":{"line":27,"column":33},"end":{"line":30,"column":5}},"13":{"start":{"line":28,"column":33},"end":{"line":28,"column":81}},"14":{"start":{"line":28,"column":60},"end":{"line":28,"column":80}},"15":{"start":{"line":29,"column":8},"end":{"line":29,"column":39}},"16":{"start":{"line":32,"column":28},"end":{"line":34,"column":5}},"17":{"start":{"line":33,"column":8},"end":{"line":33,"column":29}},"18":{"start":{"line":36,"column":29},"end":{"line":38,"column":5}},"19":{"start":{"line":37,"column":8},"end":{"line":37,"column":30}},"20":{"start":{"line":40,"column":27},"end":{"line":65,"column":5}},"21":{"start":{"line":41,"column":8},"end":{"line":64,"column":9}},"22":{"start":{"line":42,"column":25},"end":{"line":42,"column":73}},"23":{"start":{"line":43,"column":29},"end":{"line":43,"column":43}},"24":{"start":{"line":45,"column":12},"end":{"line":51,"column":13}},"25":{"start":{"line":46,"column":16},"end":{"line":49,"column":19}},"26":{"start":{"line":50,"column":16},"end":{"line":50,"column":23}},"27":{"start":{"line":52,"column":29},"end":{"line":52,"column":80}},"28":{"start":{"line":53,"column":12},"end":{"line":56,"column":15}},"29":{"start":{"line":57,"column":12},"end":{"line":57,"column":29}},"30":{"start":{"line":58,"column":12},"end":{"line":58,"column":34}},"31":{"start":{"line":60,"column":12},"end":{"line":63,"column":15}},"32":{"start":{"line":66,"column":33},"end":{"line":71,"column":5}},"33":{"start":{"line":67,"column":33},"end":{"line":69,"column":9}},"34":{"start":{"line":68,"column":12},"end":{"line":68,"column":67}},"35":{"start":{"line":70,"column":8},"end":{"line":70,"column":39}},"36":{"start":{"line":72,"column":28},"end":{"line":78,"column":5}},"37":{"start":{"line":73,"column":8},"end":{"line":73,"column":25}},"38":{"start":{"line":74,"column":8},"end":{"line":77,"column":11}},"39":{"start":{"line":79,"column":4},"end":{"line":108,"column":6}},"40":{"start":{"line":89,"column":35},"end":{"line":89,"column":56}}},"fnMap":{"0":{"name":"(anonymous_0)","decl":{"start":{"line":9,"column":17},"end":{"line":9,"column":18}},"loc":{"start":{"line":9,"column":23},"end":{"line":109,"column":1}},"line":9},"1":{"name":"(anonymous_1)","decl":{"start":{"line":13,"column":28},"end":{"line":13,"column":29}},"loc":{"start":{"line":13,"column":38},"end":{"line":25,"column":5}},"line":13},"2":{"name":"(anonymous_2)","decl":{"start":{"line":14,"column":44},"end":{"line":14,"column":45}},"loc":{"start":{"line":14,"column":54},"end":{"line":14,"column":79}},"line":14},"3":{"name":"(anonymous_3)","decl":{"start":{"line":16,"column":51},"end":{"line":16,"column":52}},"loc":{"start":{"line":17,"column":16},"end":{"line":19,"column":26}},"line":17},"4":{"name":"(anonymous_4)","decl":{"start":{"line":27,"column":33},"end":{"line":27,"column":34}},"loc":{"start":{"line":27,"column":44},"end":{"line":30,"column":5}},"line":27},"5":{"name":"(anonymous_5)","decl":{"start":{"line":28,"column":50},"end":{"line":28,"column":51}},"loc":{"start":{"line":28,"column":60},"end":{"line":28,"column":80}},"line":28},"6":{"name":"(anonymous_6)","decl":{"start":{"line":32,"column":28},"end":{"line":32,"column":29}},"loc":{"start":{"line":32,"column":34},"end":{"line":34,"column":5}},"line":32},"7":{"name":"(anonymous_7)","decl":{"start":{"line":36,"column":29},"end":{"line":36,"column":30}},"loc":{"start":{"line":36,"column":35},"end":{"line":38,"column":5}},"line":36},"8":{"name":"(anonymous_8)","decl":{"start":{"line":40,"column":27},"end":{"line":40,"column":28}},"loc":{"start":{"line":40,"column":39},"end":{"line":65,"column":5}},"line":40},"9":{"name":"(anonymous_9)","decl":{"start":{"line":66,"column":33},"end":{"line":66,"column":34}},"loc":{"start":{"line":66,"column":58},"end":{"line":71,"column":5}},"line":66},"10":{"name":"(anonymous_10)","decl":{"start":{"line":67,"column":47},"end":{"line":67,"column":48}},"loc":{"start":{"line":68,"column":12},"end":{"line":68,"column":67}},"line":68},"11":{"name":"(anonymous_11)","decl":{"start":{"line":72,"column":28},"end":{"line":72,"column":29}},"loc":{"start":{"line":72,"column":34},"end":{"line":78,"column":5}},"line":72},"12":{"name":"(anonymous_12)","decl":{"start":{"line":89,"column":29},"end":{"line":89,"column":30}},"loc":{"start":{"line":89,"column":35},"end":{"line":89,"column":56}},"line":89}},"branchMap":{"0":{"loc":{"start":{"line":15,"column":8},"end":{"line":24,"column":9}},"type":"if","locations":[{"start":{"line":15,"column":8},"end":{"line":24,"column":9}},{"start":{"line":22,"column":15},"end":{"line":24,"column":9}}],"line":15},"1":{"loc":{"start":{"line":17,"column":16},"end":{"line":19,"column":26}},"type":"cond-expr","locations":[{"start":{"line":18,"column":22},"end":{"line":18,"column":62}},{"start":{"line":19,"column":22},"end":{"line":19,"column":26}}],"line":17},"2":{"loc":{"start":{"line":45,"column":12},"end":{"line":51,"column":13}},"type":"if","locations":[{"start":{"line":45,"column":12},"end":{"line":51,"column":13}},{"start":{},"end":{}}],"line":45},"3":{"loc":{"start":{"line":68,"column":12},"end":{"line":68,"column":67}},"type":"cond-expr","locations":[{"start":{"line":68,"column":39},"end":{"line":68,"column":60}},{"start":{"line":68,"column":63},"end":{"line":68,"column":67}}],"line":68},"4":{"loc":{"start":{"line":85,"column":13},"end":{"line":91,"column":13}},"type":"binary-expr","locations":[{"start":{"line":85,"column":13},"end":{"line":85,"column":25}},{"start":{"line":86,"column":16},"end":{"line":90,"column":18}}],"line":85},"5":{"loc":{"start":{"line":100,"column":13},"end":{"line":106,"column":13}},"type":"binary-expr","locations":[{"start":{"line":100,"column":13},"end":{"line":100,"column":24}},{"start":{"line":101,"column":16},"end":{"line":105,"column":14}}],"line":100}},"s":{"0":0,"1":0,"2":0,"3":0,"4":0,"5":0,"6":0,"7":0,"8":0,"9":0,"10":0,"11":0,"12":0,"13":0,"14":0,"15":0,"16":0,"17":0,"18":0,"19":0,"20":0,"21":0,"22":0,"23":0,"24":0,"25":0,"26":0,"27":0,"28":0,"29":0,"30":0,"31":0,"32":0,"33":0,"34":0,"35":0,"36":0,"37":0,"38":0,"39":0,"40":0},"f":{"0":0,"1":0,"2":0,"3":0,"4":0,"5":0,"6":0,"7":0,"8":0,"9":0,"10":0,"11":0,"12":0},"b":{"0":[0,0],"1":[0,0],"2":[0,0],"3":[0,0],"4":[0,0],"5":[0,0]}}
,"C:\\Users\\gmide\\repositories\\online-book-store\\online-book-store-fe\\src\\components\\common\\NotFoundPage.js": {"path":"C:\\Users\\gmide\\repositories\\online-book-store\\online-book-store-fe\\src\\components\\common\\NotFoundPage.js","statementMap":{"0":{"start":{"line":4,"column":21},"end":{"line":12,"column":1}},"1":{"start":{"line":5,"column":2},"end":{"line":11,"column":4}}},"fnMap":{"0":{"name":"(anonymous_0)","decl":{"start":{"line":4,"column":21},"end":{"line":4,"column":22}},"loc":{"start":{"line":4,"column":27},"end":{"line":12,"column":1}},"line":4}},"branchMap":{},"s":{"0":1,"1":1},"f":{"0":1},"b":{},"_coverageSchema":"1a1c01bbd47fc00a2c39e90264f33305004495a9","hash":"2e884953aee523048ce489ac19db13edc7649bdb"}
,"C:\\Users\\gmide\\repositories\\online-book-store\\online-book-store-fe\\src\\components\\common\\Notification.js": {"path":"C:\\Users\\gmide\\repositories\\online-book-store\\online-book-store-fe\\src\\components\\common\\Notification.js","statementMap":{"0":{"start":{"line":3,"column":21},"end":{"line":24,"column":1}},"1":{"start":{"line":4,"column":4},"end":{"line":4,"column":30}},"2":{"start":{"line":4,"column":18},"end":{"line":4,"column":30}},"3":{"start":{"line":6,"column":4},"end":{"line":12,"column":27}},"4":{"start":{"line":7,"column":22},"end":{"line":9,"column":16}},"5":{"start":{"line":8,"column":12},"end":{"line":8,"column":22}},"6":{"start":{"line":11,"column":8},"end":{"line":11,"column":41}},"7":{"start":{"line":11,"column":21},"end":{"line":11,"column":40}},"8":{"start":{"line":14,"column":30},"end":{"line":21,"column":5}},"9":{"start":{"line":23,"column":4},"end":{"line":23,"column":58}}},"fnMap":{"0":{"name":"(anonymous_0)","decl":{"start":{"line":3,"column":21},"end":{"line":3,"column":22}},"loc":{"start":{"line":3,"column":53},"end":{"line":24,"column":1}},"line":3},"1":{"name":"(anonymous_1)","decl":{"start":{"line":6,"column":14},"end":{"line":6,"column":15}},"loc":{"start":{"line":6,"column":20},"end":{"line":12,"column":5}},"line":6},"2":{"name":"(anonymous_2)","decl":{"start":{"line":7,"column":33},"end":{"line":7,"column":34}},"loc":{"start":{"line":7,"column":39},"end":{"line":9,"column":9}},"line":7},"3":{"name":"(anonymous_3)","decl":{"start":{"line":11,"column":15},"end":{"line":11,"column":16}},"loc":{"start":{"line":11,"column":21},"end":{"line":11,"column":40}},"line":11}},"branchMap":{"0":{"loc":{"start":{"line":4,"column":4},"end":{"line":4,"column":30}},"type":"if","locations":[{"start":{"line":4,"column":4},"end":{"line":4,"column":30}},{"start":{},"end":{}}],"line":4},"1":{"loc":{"start":{"line":18,"column":15},"end":{"line":18,"column":55}},"type":"cond-expr","locations":[{"start":{"line":18,"column":34},"end":{"line":18,"column":43}},{"start":{"line":18,"column":46},"end":{"line":18,"column":55}}],"line":18},"2":{"loc":{"start":{"line":19,"column":25},"end":{"line":19,"column":65}},"type":"cond-expr","locations":[{"start":{"line":19,"column":44},"end":{"line":19,"column":53}},{"start":{"line":19,"column":56},"end":{"line":19,"column":65}}],"line":19},"3":{"loc":{"start":{"line":20,"column":29},"end":{"line":20,"column":69}},"type":"cond-expr","locations":[{"start":{"line":20,"column":48},"end":{"line":20,"column":57}},{"start":{"line":20,"column":60},"end":{"line":20,"column":69}}],"line":20}},"s":{"0":0,"1":0,"2":0,"3":0,"4":0,"5":0,"6":0,"7":0,"8":0,"9":0},"f":{"0":0,"1":0,"2":0,"3":0},"b":{"0":[0,0],"1":[0,0],"2":[0,0],"3":[0,0]}}
,"C:\\Users\\gmide\\repositories\\online-book-store\\online-book-store-fe\\src\\components\\common\\Modal\\Modal.js": {"path":"C:\\Users\\gmide\\repositories\\online-book-store\\online-book-store-fe\\src\\components\\common\\Modal\\Modal.js","statementMap":{"0":{"start":{"line":2,"column":14},"end":{"line":48,"column":1}},"1":{"start":{"line":3,"column":23},"end":{"line":6,"column":5}},"2":{"start":{"line":4,"column":25},"end":{"line":4,"column":59}},"3":{"start":{"line":8,"column":4},"end":{"line":47,"column":6}},"4":{"start":{"line":34,"column":24},"end":{"line":37,"column":29}}},"fnMap":{"0":{"name":"(anonymous_0)","decl":{"start":{"line":2,"column":14},"end":{"line":2,"column":15}},"loc":{"start":{"line":2,"column":54},"end":{"line":48,"column":1}},"line":2},"1":{"name":"(anonymous_1)","decl":{"start":{"line":4,"column":8},"end":{"line":4,"column":9}},"loc":{"start":{"line":4,"column":25},"end":{"line":4,"column":59}},"line":4},"2":{"name":"(anonymous_2)","decl":{"start":{"line":33,"column":35},"end":{"line":33,"column":36}},"loc":{"start":{"line":34,"column":24},"end":{"line":37,"column":29}},"line":34}},"branchMap":{},"s":{"0":0,"1":0,"2":0,"3":0,"4":0},"f":{"0":0,"1":0,"2":0},"b":{}}
,"C:\\Users\\gmide\\repositories\\online-book-store\\online-book-store-fe\\src\\components\\common\\navbar\\Navbar.js": {"path":"C:\\Users\\gmide\\repositories\\online-book-store\\online-book-store-fe\\src\\components\\common\\navbar\\Navbar.js","statementMap":{"0":{"start":{"line":5,"column":15},"end":{"line":21,"column":1}},"1":{"start":{"line":6,"column":2},"end":{"line":20,"column":4}}},"fnMap":{"0":{"name":"(anonymous_0)","decl":{"start":{"line":5,"column":15},"end":{"line":5,"column":16}},"loc":{"start":{"line":5,"column":21},"end":{"line":21,"column":1}},"line":5}},"branchMap":{},"s":{"0":1,"1":0},"f":{"0":0},"b":{},"_coverageSchema":"1a1c01bbd47fc00a2c39e90264f33305004495a9","hash":"6290fcb52d226e01437faaed1143ffa272c5de82"}
,"C:\\Users\\gmide\\repositories\\online-book-store\\online-book-store-fe\\src\\domains\\books\\components\\BookList.jsx": {"path":"C:\\Users\\gmide\\repositories\\online-book-store\\online-book-store-fe\\src\\domains\\books\\components\\BookList.jsx","statementMap":{"0":{"start":{"line":4,"column":17},"end":{"line":206,"column":1}},"1":{"start":{"line":5,"column":30},"end":{"line":5,"column":42}},"2":{"start":{"line":6,"column":42},"end":{"line":6,"column":53}},"3":{"start":{"line":7,"column":40},"end":{"line":7,"column":51}},"4":{"start":{"line":8,"column":34},"end":{"line":8,"column":49}},"5":{"start":{"line":9,"column":44},"end":{"line":9,"column":58}},"6":{"start":{"line":11,"column":4},"end":{"line":13,"column":22}},"7":{"start":{"line":12,"column":8},"end":{"line":12,"column":32}},"8":{"start":{"line":15,"column":23},"end":{"line":29,"column":5}},"9":{"start":{"line":16,"column":8},"end":{"line":28,"column":9}},"10":{"start":{"line":17,"column":12},"end":{"line":17,"column":29}},"11":{"start":{"line":18,"column":29},"end":{"line":18,"column":72}},"12":{"start":{"line":19,"column":12},"end":{"line":19,"column":36}},"13":{"start":{"line":20,"column":12},"end":{"line":20,"column":47}},"14":{"start":{"line":22,"column":12},"end":{"line":25,"column":15}},"15":{"start":{"line":27,"column":12},"end":{"line":27,"column":30}},"16":{"start":{"line":31,"column":28},"end":{"line":37,"column":5}},"17":{"start":{"line":32,"column":8},"end":{"line":32,"column":26}},"18":{"start":{"line":33,"column":8},"end":{"line":36,"column":11}},"19":{"start":{"line":39,"column":31},"end":{"line":43,"column":5}},"20":{"start":{"line":40,"column":8},"end":{"line":42,"column":9}},"21":{"start":{"line":41,"column":12},"end":{"line":41,"column":44}},"22":{"start":{"line":45,"column":27},"end":{"line":49,"column":5}},"23":{"start":{"line":46,"column":8},"end":{"line":48,"column":9}},"24":{"start":{"line":47,"column":12},"end":{"line":47,"column":44}},"25":{"start":{"line":51,"column":4},"end":{"line":205,"column":6}},"26":{"start":{"line":58,"column":35},"end":{"line":58,"column":56}},"27":{"start":{"line":114,"column":32},"end":{"line":160,"column":37}},"28":{"start":{"line":147,"column":59},"end":{"line":147,"column":80}}},"fnMap":{"0":{"name":"(anonymous_0)","decl":{"start":{"line":4,"column":17},"end":{"line":4,"column":18}},"loc":{"start":{"line":4,"column":38},"end":{"line":206,"column":1}},"line":4},"1":{"name":"(anonymous_1)","decl":{"start":{"line":11,"column":14},"end":{"line":11,"column":15}},"loc":{"start":{"line":11,"column":20},"end":{"line":13,"column":5}},"line":11},"2":{"name":"(anonymous_2)","decl":{"start":{"line":15,"column":23},"end":{"line":15,"column":24}},"loc":{"start":{"line":15,"column":39},"end":{"line":29,"column":5}},"line":15},"3":{"name":"(anonymous_3)","decl":{"start":{"line":31,"column":28},"end":{"line":31,"column":29}},"loc":{"start":{"line":31,"column":38},"end":{"line":37,"column":5}},"line":31},"4":{"name":"(anonymous_4)","decl":{"start":{"line":39,"column":31},"end":{"line":39,"column":32}},"loc":{"start":{"line":39,"column":37},"end":{"line":43,"column":5}},"line":39},"5":{"name":"(anonymous_5)","decl":{"start":{"line":45,"column":27},"end":{"line":45,"column":28}},"loc":{"start":{"line":45,"column":33},"end":{"line":49,"column":5}},"line":45},"6":{"name":"(anonymous_6)","decl":{"start":{"line":58,"column":29},"end":{"line":58,"column":30}},"loc":{"start":{"line":58,"column":35},"end":{"line":58,"column":56}},"line":58},"7":{"name":"(anonymous_7)","decl":{"start":{"line":113,"column":39},"end":{"line":113,"column":40}},"loc":{"start":{"line":114,"column":32},"end":{"line":160,"column":37}},"line":114},"8":{"name":"(anonymous_8)","decl":{"start":{"line":147,"column":53},"end":{"line":147,"column":54}},"loc":{"start":{"line":147,"column":59},"end":{"line":147,"column":80}},"line":147}},"branchMap":{"0":{"loc":{"start":{"line":40,"column":8},"end":{"line":42,"column":9}},"type":"if","locations":[{"start":{"line":40,"column":8},"end":{"line":42,"column":9}},{"start":{},"end":{}}],"line":40},"1":{"loc":{"start":{"line":46,"column":8},"end":{"line":48,"column":9}},"type":"if","locations":[{"start":{"line":46,"column":8},"end":{"line":48,"column":9}},{"start":{},"end":{}}],"line":46},"2":{"loc":{"start":{"line":54,"column":13},"end":{"line":60,"column":13}},"type":"binary-expr","locations":[{"start":{"line":54,"column":13},"end":{"line":54,"column":25}},{"start":{"line":55,"column":16},"end":{"line":59,"column":18}}],"line":54},"3":{"loc":{"start":{"line":61,"column":13},"end":{"line":203,"column":13}},"type":"cond-expr","locations":[{"start":{"line":62,"column":16},"end":{"line":62,"column":71}},{"start":{"line":64,"column":16},"end":{"line":202,"column":22}}],"line":61},"4":{"loc":{"start":{"line":171,"column":36},"end":{"line":171,"column":74}},"type":"cond-expr","locations":[{"start":{"line":171,"column":56},"end":{"line":171,"column":62}},{"start":{"line":171,"column":65},"end":{"line":171,"column":74}}],"line":171},"5":{"loc":{"start":{"line":175,"column":40},"end":{"line":175,"column":85}},"type":"cond-expr","locations":[{"start":{"line":175,"column":60},"end":{"line":175,"column":73}},{"start":{"line":175,"column":76},"end":{"line":175,"column":85}}],"line":175},"6":{"loc":{"start":{"line":190,"column":36},"end":{"line":190,"column":83}},"type":"cond-expr","locations":[{"start":{"line":190,"column":65},"end":{"line":190,"column":71}},{"start":{"line":190,"column":74},"end":{"line":190,"column":83}}],"line":190},"7":{"loc":{"start":{"line":195,"column":36},"end":{"line":195,"column":90}},"type":"cond-expr","locations":[{"start":{"line":195,"column":65},"end":{"line":195,"column":78}},{"start":{"line":195,"column":81},"end":{"line":195,"column":90}}],"line":195}},"s":{"0":0,"1":0,"2":0,"3":0,"4":0,"5":0,"6":0,"7":0,"8":0,"9":0,"10":0,"11":0,"12":0,"13":0,"14":0,"15":0,"16":0,"17":0,"18":0,"19":0,"20":0,"21":0,"22":0,"23":0,"24":0,"25":0,"26":0,"27":0,"28":0},"f":{"0":0,"1":0,"2":0,"3":0,"4":0,"5":0,"6":0,"7":0,"8":0},"b":{"0":[0,0],"1":[0,0],"2":[0,0],"3":[0,0],"4":[0,0],"5":[0,0],"6":[0,0],"7":[0,0]}}
,"C:\\Users\\gmide\\repositories\\online-book-store\\online-book-store-fe\\src\\domains\\books\\services\\bookService.js": {"path":"C:\\Users\\gmide\\repositories\\online-book-store\\online-book-store-fe\\src\\domains\\books\\services\\bookService.js","statementMap":{"0":{"start":{"line":4,"column":28},"end":{"line":7,"column":1}},"1":{"start":{"line":5,"column":21},"end":{"line":5,"column":67}},"2":{"start":{"line":6,"column":4},"end":{"line":6,"column":25}},"3":{"start":{"line":9,"column":20},"end":{"line":11,"column":1}}},"fnMap":{"0":{"name":"(anonymous_0)","decl":{"start":{"line":4,"column":28},"end":{"line":4,"column":29}},"loc":{"start":{"line":4,"column":44},"end":{"line":7,"column":1}},"line":4}},"branchMap":{},"s":{"0":0,"1":0,"2":0,"3":0},"f":{"0":0},"b":{}}
,"C:\\Users\\gmide\\repositories\\online-book-store\\online-book-store-fe\\src\\domains\\cart\\components\\Cart.jsx": {"path":"C:\\Users\\gmide\\repositories\\online-book-store\\online-book-store-fe\\src\\domains\\cart\\components\\Cart.jsx","statementMap":{"0":{"start":{"line":4,"column":13},"end":{"line":184,"column":1}},"1":{"start":{"line":11,"column":23},"end":{"line":14,"column":5}},"2":{"start":{"line":12,"column":25},"end":{"line":12,"column":59}},"3":{"start":{"line":16,"column":33},"end":{"line":22,"column":5}},"4":{"start":{"line":17,"column":8},"end":{"line":21,"column":9}},"5":{"start":{"line":18,"column":12},"end":{"line":18,"column":36}},"6":{"start":{"line":20,"column":12},"end":{"line":20,"column":46}},"7":{"start":{"line":24,"column":4},"end":{"line":183,"column":6}},"8":{"start":{"line":80,"column":32},"end":{"line":144,"column":37}},"9":{"start":{"line":100,"column":48},"end":{"line":103,"column":49}},"10":{"start":{"line":130,"column":48},"end":{"line":130,"column":76}}},"fnMap":{"0":{"name":"(anonymous_0)","decl":{"start":{"line":4,"column":13},"end":{"line":4,"column":14}},"loc":{"start":{"line":10,"column":6},"end":{"line":184,"column":1}},"line":10},"1":{"name":"(anonymous_1)","decl":{"start":{"line":12,"column":8},"end":{"line":12,"column":9}},"loc":{"start":{"line":12,"column":25},"end":{"line":12,"column":59}},"line":12},"2":{"name":"(anonymous_2)","decl":{"start":{"line":16,"column":33},"end":{"line":16,"column":34}},"loc":{"start":{"line":16,"column":54},"end":{"line":22,"column":5}},"line":16},"3":{"name":"(anonymous_3)","decl":{"start":{"line":79,"column":43},"end":{"line":79,"column":44}},"loc":{"start":{"line":80,"column":32},"end":{"line":144,"column":37}},"line":80},"4":{"name":"(anonymous_4)","decl":{"start":{"line":99,"column":54},"end":{"line":99,"column":55}},"loc":{"start":{"line":100,"column":48},"end":{"line":103,"column":49}},"line":100},"5":{"name":"(anonymous_5)","decl":{"start":{"line":129,"column":53},"end":{"line":129,"column":54}},"loc":{"start":{"line":130,"column":48},"end":{"line":130,"column":76}},"line":130}},"branchMap":{"0":{"loc":{"start":{"line":17,"column":8},"end":{"line":21,"column":9}},"type":"if","locations":[{"start":{"line":17,"column":8},"end":{"line":21,"column":9}},{"start":{"line":19,"column":15},"end":{"line":21,"column":9}}],"line":17},"1":{"loc":{"start":{"line":27,"column":13},"end":{"line":181,"column":13}},"type":"cond-expr","locations":[{"start":{"line":28,"column":16},"end":{"line":28,"column":74}},{"start":{"line":30,"column":16},"end":{"line":180,"column":19}}],"line":27}},"s":{"0":0,"1":0,"2":0,"3":0,"4":0,"5":0,"6":0,"7":0,"8":0,"9":0,"10":0},"f":{"0":0,"1":0,"2":0,"3":0,"4":0,"5":0},"b":{"0":[0,0],"1":[0,0]}}
,"C:\\Users\\gmide\\repositories\\online-book-store\\online-book-store-fe\\src\\domains\\cart\\services\\cartService.js": {"path":"C:\\Users\\gmide\\repositories\\online-book-store\\online-book-store-fe\\src\\domains\\cart\\services\\cartService.js","statementMap":{"0":{"start":{"line":2,"column":20},"end":{"line":20,"column":1}},"1":{"start":{"line":4,"column":8},"end":{"line":18,"column":9}},"2":{"start":{"line":5,"column":28},"end":{"line":12,"column":13}},"3":{"start":{"line":7,"column":48},"end":{"line":11,"column":17}},"4":{"start":{"line":13,"column":29},"end":{"line":13,"column":65}},"5":{"start":{"line":14,"column":12},"end":{"line":14,"column":33}},"6":{"start":{"line":16,"column":12},"end":{"line":16,"column":61}},"7":{"start":{"line":17,"column":12},"end":{"line":17,"column":24}}},"fnMap":{"0":{"name":"(anonymous_0)","decl":{"start":{"line":3,"column":18},"end":{"line":3,"column":19}},"loc":{"start":{"line":3,"column":49},"end":{"line":19,"column":5}},"line":3},"1":{"name":"(anonymous_1)","decl":{"start":{"line":7,"column":37},"end":{"line":7,"column":38}},"loc":{"start":{"line":7,"column":48},"end":{"line":11,"column":17}},"line":7}},"branchMap":{},"s":{"0":0,"1":0,"2":0,"3":0,"4":0,"5":0,"6":0,"7":0},"f":{"0":0,"1":0},"b":{}}
,"C:\\Users\\gmide\\repositories\\online-book-store\\online-book-store-fe\\src\\domains\\users\\pages\\LoginPage.jsx": {"path":"C:\\Users\\gmide\\repositories\\online-book-store\\online-book-store-fe\\src\\domains\\users\\pages\\LoginPage.jsx","statementMap":{"0":{"start":{"line":6,"column":18},"end":{"line":62,"column":1}},"1":{"start":{"line":7,"column":36},"end":{"line":7,"column":48}},"2":{"start":{"line":8,"column":36},"end":{"line":8,"column":48}},"3":{"start":{"line":9,"column":44},"end":{"line":9,"column":79}},"4":{"start":{"line":11,"column":21},"end":{"line":11,"column":34}},"5":{"start":{"line":13,"column":25},"end":{"line":26,"column":5}},"6":{"start":{"line":14,"column":8},"end":{"line":14,"column":27}},"7":{"start":{"line":15,"column":8},"end":{"line":15,"column":51}},"8":{"start":{"line":17,"column":8},"end":{"line":25,"column":9}},"9":{"start":{"line":18,"column":29},"end":{"line":18,"column":68}},"10":{"start":{"line":19,"column":12},"end":{"line":19,"column":75}},"11":{"start":{"line":20,"column":12},"end":{"line":20,"column":79}},"12":{"start":{"line":21,"column":12},"end":{"line":21,"column":30}},"13":{"start":{"line":23,"column":29},"end":{"line":23,"column":77}},"14":{"start":{"line":24,"column":12},"end":{"line":24,"column":66}},"15":{"start":{"line":28,"column":4},"end":{"line":61,"column":6}},"16":{"start":{"line":34,"column":31},"end":{"line":34,"column":73}},"17":{"start":{"line":40,"column":37},"end":{"line":40,"column":64}},"18":{"start":{"line":48,"column":37},"end":{"line":48,"column":64}}},"fnMap":{"0":{"name":"(anonymous_0)","decl":{"start":{"line":6,"column":18},"end":{"line":6,"column":19}},"loc":{"start":{"line":6,"column":24},"end":{"line":62,"column":1}},"line":6},"1":{"name":"(anonymous_1)","decl":{"start":{"line":13,"column":25},"end":{"line":13,"column":26}},"loc":{"start":{"line":13,"column":38},"end":{"line":26,"column":5}},"line":13},"2":{"name":"(anonymous_2)","decl":{"start":{"line":34,"column":25},"end":{"line":34,"column":26}},"loc":{"start":{"line":34,"column":31},"end":{"line":34,"column":73}},"line":34},"3":{"name":"(anonymous_3)","decl":{"start":{"line":40,"column":30},"end":{"line":40,"column":31}},"loc":{"start":{"line":40,"column":37},"end":{"line":40,"column":64}},"line":40},"4":{"name":"(anonymous_4)","decl":{"start":{"line":48,"column":30},"end":{"line":48,"column":31}},"loc":{"start":{"line":48,"column":37},"end":{"line":48,"column":64}},"line":48}},"branchMap":{"0":{"loc":{"start":{"line":23,"column":29},"end":{"line":23,"column":77}},"type":"binary-expr","locations":[{"start":{"line":23,"column":29},"end":{"line":23,"column":58}},{"start":{"line":23,"column":62},"end":{"line":23,"column":77}}],"line":23}},"s":{"0":0,"1":0,"2":0,"3":0,"4":0,"5":0,"6":0,"7":0,"8":0,"9":0,"10":0,"11":0,"12":0,"13":0,"14":0,"15":0,"16":0,"17":0,"18":0},"f":{"0":0,"1":0,"2":0,"3":0,"4":0},"b":{"0":[0,0]}}
,"C:\\Users\\gmide\\repositories\\online-book-store\\online-book-store-fe\\src\\domains\\users\\pages\\RegisterPage.jsx": {"path":"C:\\Users\\gmide\\repositories\\online-book-store\\online-book-store-fe\\src\\domains\\users\\pages\\RegisterPage.jsx","statementMap":{"0":{"start":{"line":6,"column":21},"end":{"line":146,"column":1}},"1":{"start":{"line":7,"column":36},"end":{"line":13,"column":6}},"2":{"start":{"line":15,"column":44},"end":{"line":15,"column":79}},"3":{"start":{"line":16,"column":21},"end":{"line":16,"column":34}},"4":{"start":{"line":19,"column":25},"end":{"line":22,"column":5}},"5":{"start":{"line":20,"column":32},"end":{"line":20,"column":40}},"6":{"start":{"line":21,"column":8},"end":{"line":21,"column":52}},"7":{"start":{"line":24,"column":25},"end":{"line":52,"column":5}},"8":{"start":{"line":25,"column":8},"end":{"line":25,"column":27}},"9":{"start":{"line":27,"column":8},"end":{"line":27,"column":51}},"10":{"start":{"line":29,"column":8},"end":{"line":32,"column":9}},"11":{"start":{"line":30,"column":12},"end":{"line":30,"column":84}},"12":{"start":{"line":31,"column":12},"end":{"line":31,"column":19}},"13":{"start":{"line":34,"column":8},"end":{"line":37,"column":9}},"14":{"start":{"line":35,"column":12},"end":{"line":35,"column":81}},"15":{"start":{"line":36,"column":12},"end":{"line":36,"column":19}},"16":{"start":{"line":39,"column":8},"end":{"line":42,"column":9}},"17":{"start":{"line":40,"column":12},"end":{"line":40,"column":94}},"18":{"start":{"line":41,"column":12},"end":{"line":41,"column":19}},"19":{"start":{"line":44,"column":8},"end":{"line":51,"column":9}},"20":{"start":{"line":45,"column":12},"end":{"line":45,"column":41}},"21":{"start":{"line":46,"column":12},"end":{"line":46,"column":86}},"22":{"start":{"line":47,"column":12},"end":{"line":47,"column":55}},"23":{"start":{"line":47,"column":29},"end":{"line":47,"column":47}},"24":{"start":{"line":49,"column":33},"end":{"line":49,"column":97}},"25":{"start":{"line":50,"column":12},"end":{"line":50,"column":70}},"26":{"start":{"line":54,"column":4},"end":{"line":145,"column":6}}},"fnMap":{"0":{"name":"(anonymous_0)","decl":{"start":{"line":6,"column":21},"end":{"line":6,"column":22}},"loc":{"start":{"line":6,"column":27},"end":{"line":146,"column":1}},"line":6},"1":{"name":"(anonymous_1)","decl":{"start":{"line":19,"column":25},"end":{"line":19,"column":26}},"loc":{"start":{"line":19,"column":32},"end":{"line":22,"column":5}},"line":19},"2":{"name":"(anonymous_2)","decl":{"start":{"line":24,"column":25},"end":{"line":24,"column":26}},"loc":{"start":{"line":24,"column":38},"end":{"line":52,"column":5}},"line":24},"3":{"name":"(anonymous_3)","decl":{"start":{"line":47,"column":23},"end":{"line":47,"column":24}},"loc":{"start":{"line":47,"column":29},"end":{"line":47,"column":47}},"line":47}},"branchMap":{"0":{"loc":{"start":{"line":29,"column":8},"end":{"line":32,"column":9}},"type":"if","locations":[{"start":{"line":29,"column":8},"end":{"line":32,"column":9}},{"start":{},"end":{}}],"line":29},"1":{"loc":{"start":{"line":29,"column":12},"end":{"line":29,"column":108}},"type":"binary-expr","locations":[{"start":{"line":29,"column":12},"end":{"line":29,"column":30}},{"start":{"line":29,"column":34},"end":{"line":29,"column":52}},{"start":{"line":29,"column":56},"end":{"line":29,"column":70}},{"start":{"line":29,"column":74},"end":{"line":29,"column":89}},{"start":{"line":29,"column":93},"end":{"line":29,"column":108}}],"line":29},"2":{"loc":{"start":{"line":34,"column":8},"end":{"line":37,"column":9}},"type":"if","locations":[{"start":{"line":34,"column":8},"end":{"line":37,"column":9}},{"start":{},"end":{}}],"line":34},"3":{"loc":{"start":{"line":39,"column":8},"end":{"line":42,"column":9}},"type":"if","locations":[{"start":{"line":39,"column":8},"end":{"line":42,"column":9}},{"start":{},"end":{}}],"line":39},"4":{"loc":{"start":{"line":49,"column":33},"end":{"line":49,"column":97}},"type":"binary-expr","locations":[{"start":{"line":49,"column":33},"end":{"line":49,"column":53}},{"start":{"line":49,"column":57},"end":{"line":49,"column":97}}],"line":49}},"s":{"0":0,"1":0,"2":0,"3":0,"4":0,"5":0,"6":0,"7":0,"8":0,"9":0,"10":0,"11":0,"12":0,"13":0,"14":0,"15":0,"16":0,"17":0,"18":0,"19":0,"20":0,"21":0,"22":0,"23":0,"24":0,"25":0,"26":0},"f":{"0":0,"1":0,"2":0,"3":0},"b":{"0":[0,0],"1":[0,0,0,0,0],"2":[0,0],"3":[0,0],"4":[0,0]}}
,"C:\\Users\\gmide\\repositories\\online-book-store\\online-book-store-fe\\src\\domains\\users\\services\\usersService.js": {"path":"C:\\Users\\gmide\\repositories\\online-book-store\\online-book-store-fe\\src\\domains\\users\\services\\usersService.js","statementMap":{"0":{"start":{"line":4,"column":28},"end":{"line":7,"column":1}},"1":{"start":{"line":5,"column":21},"end":{"line":5,"column":60}},"2":{"start":{"line":6,"column":4},"end":{"line":6,"column":25}},"3":{"start":{"line":10,"column":25},"end":{"line":13,"column":1}},"4":{"start":{"line":11,"column":21},"end":{"line":11,"column":60}},"5":{"start":{"line":12,"column":4},"end":{"line":12,"column":25}}},"fnMap":{"0":{"name":"(anonymous_0)","decl":{"start":{"line":4,"column":28},"end":{"line":4,"column":29}},"loc":{"start":{"line":4,"column":48},"end":{"line":7,"column":1}},"line":4},"1":{"name":"(anonymous_1)","decl":{"start":{"line":10,"column":25},"end":{"line":10,"column":26}},"loc":{"start":{"line":10,"column":48},"end":{"line":13,"column":1}},"line":10}},"branchMap":{},"s":{"0":0,"1":0,"2":0,"3":0,"4":0,"5":0},"f":{"0":0,"1":0},"b":{}}
}
